"POST /update-schedule/ HTTP/1.1" 302 0
"GET /crawl-settings/ HTTP/1.1" 200 10395
"GET / HTTP/1.1" 200 10930
"GET /crawl-settings/ HTTP/1.1" 200 10395

0 6 * * 1,3,5 cd /Users/ccowley/Dropbox/work_stuff/django_crawler_new && /usr/local/bin/python3 /Users/ccowley/Dropbox/work_stuff/django_crawler_new/main_app/runner.py /Users/ccowley/Dropbox/work_stuff/django_crawler_new # this is the main command

"POST /update-schedule/ HTTP/1.1" 302 0
"GET /crawl-settings/ HTTP/1.1" 200 10395

0 6 * * 1,3,5 cd /Users/ccowley/Dropbox/work_stuff/django_crawler_new && /usr/local/bin/python3 /Users/ccowley/Dropbox/work_stuff/django_crawler_new/main_app/runner.py /Users/ccowley/Dropbox/work_stuff/django_crawler_new # this is the main command

"POST /update-schedule/ HTTP/1.1" 302 0
"GET /crawl-settings/ HTTP/1.1" 200 10395
"POST /start-crawl/ HTTP/1.1" 302 0
"GET /crawl-settings/ HTTP/1.1" 200 10409
"GET / HTTP/1.1" 200 10922
"GET / HTTP/1.1" 200 10922
"GET /static/css/style_sheet.css HTTP/1.1" 304 0
"GET /crawl-settings/ HTTP/1.1" 200 10395
"POST /start-crawl/ HTTP/1.1" 302 0
"GET /crawl-settings/ HTTP/1.1" 200 10409
"GET / HTTP/1.1" 200 6699
"GET /ajax/update-data/?length=0&codes=404 HTTP/1.1" 200 930
"GET /crawl-settings/ HTTP/1.1" 200 10409
"GET / HTTP/1.1" 200 6699
"GET /ajax/update-data/?length=0&codes=404 HTTP/1.1" 200 930
"GET /ajax/update-data/?length=12&codes=404 HTTP/1.1" 200 930
"GET /ajax/update-data/?length=12&codes=404 HTTP/1.1" 200 31
"GET /ajax/update-data/?length=0&codes=404 HTTP/1.1" 200 31
"GET /ajax/update-data/?length=0&codes=404 HTTP/1.1" 200 31
"GET /ajax/update-data/?length=0&codes=404 HTTP/1.1" 200 31
"GET /ajax/update-data/?length=0&codes=404 HTTP/1.1" 200 31
"GET /ajax/update-data/?length=0&codes=404 HTTP/1.1" 200 31
"GET /ajax/update-data/?length=0&codes=404 HTTP/1.1" 200 31
"GET /ajax/update-data/?length=0&codes=404 HTTP/1.1" 200 31
"GET /ajax/update-data/?length=0&codes=404 HTTP/1.1" 200 31
"GET /ajax/update-data/?length=0&codes=404 HTTP/1.1" 200 31
"GET /ajax/update-data/?length=0&codes=404 HTTP/1.1" 200 31
"GET / HTTP/1.1" 200 6699
"GET /ajax/update-data/?length=0&codes=404 HTTP/1.1" 200 31
"GET /crawl-settings/ HTTP/1.1" 200 10409
"POST /start-crawl/ HTTP/1.1" 302 0
"GET /crawl-settings/ HTTP/1.1" 200 10409
"GET /crawl-settings/ HTTP/1.1" 200 10409
"GET /static/css/style_sheet.css HTTP/1.1" 200 694
"GET /static/css/bootstrap.css HTTP/1.1" 200 146010
"GET /static/javascript/bootstrap.js HTTP/1.1" 200 69707
"GET /static/images/logo.png HTTP/1.1" 200 7030
"GET /crawl-settings/ HTTP/1.1" 200 10409
"GET /static/css/style_sheet.css HTTP/1.1" 200 694
"GET /static/css/bootstrap.css HTTP/1.1" 200 146010
"GET /static/javascript/bootstrap.js HTTP/1.1" 200 69707
"GET /static/images/logo.png HTTP/1.1" 200 7030
"GET / HTTP/1.1" 200 6699
"GET /ajax/update-data/?length=0&codes=404 HTTP/1.1" 200 114
"GET /crawl-settings/ HTTP/1.1" 200 10409
"GET / HTTP/1.1" 200 6699
"GET /ajax/update-data/?length=0&codes=404 HTTP/1.1" 200 114
"GET /ajax/update-data/?length=1&codes=404 HTTP/1.1" 200 176
"GET /ajax/update-data/?length=2&codes=404 HTTP/1.1" 200 288
"GET /ajax/update-data/?length=3&codes=404 HTTP/1.1" 200 288
"GET /ajax/update-data/?length=3&codes=404 HTTP/1.1" 200 288
"GET /ajax/update-data/?length=3&codes=404 HTTP/1.1" 200 288
"GET /ajax/update-data/?length=3&codes=404 HTTP/1.1" 200 492
"GET /ajax/update-data/?length=6&codes=404 HTTP/1.1" 200 492
"GET /ajax/update-data/?length=6&codes=404 HTTP/1.1" 200 492
"GET /ajax/update-data/?length=6&codes=404 HTTP/1.1" 200 492
"GET /ajax/update-data/?length=6&codes=404 HTTP/1.1" 200 492
"GET /ajax/update-data/?length=6&codes=404 HTTP/1.1" 200 492
"GET /ajax/update-data/?length=6&codes=404 HTTP/1.1" 200 492
"GET /ajax/update-data/?length=6&codes=404 HTTP/1.1" 200 492
"GET /ajax/update-data/?length=6&codes=404 HTTP/1.1" 200 492
"GET /ajax/update-data/?length=6&codes=404 HTTP/1.1" 200 492
"GET /ajax/update-data/?length=6&codes=404 HTTP/1.1" 200 492
"GET /ajax/update-data/?length=6&codes=404 HTTP/1.1" 200 492
"GET /ajax/update-data/?length=6&codes=404 HTTP/1.1" 200 492
"GET /ajax/update-data/?length=6&codes=404 HTTP/1.1" 200 647
"GET /ajax/update-data/?length=8&codes=404 HTTP/1.1" 200 647
"GET /ajax/update-data/?length=8&codes=404 HTTP/1.1" 200 699
"GET /ajax/update-data/?length=9&codes=404 HTTP/1.1" 200 699
"GET /ajax/update-data/?length=9&codes=404 HTTP/1.1" 200 699
"GET / HTTP/1.1" 200 6699
"GET /ajax/update-data/?length=0&codes=404 HTTP/1.1" 200 930
"GET /static/images/logo.png HTTP/1.1" 200 7030
"GET /link-details?input=https://www.malwarebytes.com/privacy/%20 HTTP/1.1" 301 0
"GET /link-details/?input=https://www.malwarebytes.com/privacy/%20 HTTP/1.1" 200 7157
"GET /link-details/link-details?input=https://www.malwarebytes.com/pricing/inapp/pc HTTP/1.1" 200 6881
"GET /crawl-settings/ HTTP/1.1" 200 10409
"POST /start-crawl/ HTTP/1.1" 302 0
"GET /crawl-settings/ HTTP/1.1" 200 10409
"GET / HTTP/1.1" 200 6699
"GET /ajax/update-data/?length=0&codes=404 HTTP/1.1" 200 930
"GET /ajax/update-data/?length=12&codes=404 HTTP/1.1" 200 931
"GET / HTTP/1.1" 200 10922
"GET /crawl-settings/ HTTP/1.1" 200 10395
"POST /start-crawl/ HTTP/1.1" 302 0
"GET /crawl-settings/ HTTP/1.1" 200 10409
"GET /crawl-settings/ HTTP/1.1" 200 10409
"GET /static/images/logo.png HTTP/1.1" 200 7030
"GET / HTTP/1.1" 200 6699
"GET /ajax/update-data/?length=0&codes=404 HTTP/1.1" 200 165
"GET /ajax/update-data/?length=2&codes=404 HTTP/1.1" 200 165
"GET /ajax/update-data/?length=2&codes=404 HTTP/1.1" 200 165
"GET /ajax/update-data/?length=2&codes=404 HTTP/1.1" 200 165
"GET /ajax/update-data/?length=2&codes=404 HTTP/1.1" 200 165
"GET /ajax/update-data/?length=2&codes=404 HTTP/1.1" 200 250
"GET /ajax/update-data/?length=3&codes=404 HTTP/1.1" 200 250
"GET /ajax/update-data/?length=3&codes=404 HTTP/1.1" 200 250
"GET /ajax/update-data/?length=3&codes=404 HTTP/1.1" 200 250
"GET /ajax/update-data/?length=3&codes=404 HTTP/1.1" 200 250
"GET /ajax/update-data/?length=3&codes=404 HTTP/1.1" 200 250
"GET /ajax/update-data/?length=3&codes=404 HTTP/1.1" 200 250
"GET /ajax/update-data/?length=3&codes=404 HTTP/1.1" 200 250
"GET /ajax/update-data/?length=3&codes=404 HTTP/1.1" 200 362
"GET /ajax/update-data/?length=4&codes=404 HTTP/1.1" 200 362
"GET /ajax/update-data/?length=4&codes=404 HTTP/1.1" 200 430
"GET /ajax/update-data/?length=5&codes=404 HTTP/1.1" 200 430
"GET /ajax/update-data/?length=5&codes=404 HTTP/1.1" 200 430
"GET /ajax/update-data/?length=5&codes=404 HTTP/1.1" 200 430
"GET /ajax/update-data/?length=5&codes=404 HTTP/1.1" 200 492
"GET /ajax/update-data/?length=6&codes=404 HTTP/1.1" 200 492
"GET /ajax/update-data/?length=6&codes=404 HTTP/1.1" 200 492
"GET /ajax/update-data/?length=6&codes=404 HTTP/1.1" 200 593
"GET /ajax/update-data/?length=7&codes=404 HTTP/1.1" 200 647
"GET /ajax/update-data/?length=8&codes=404 HTTP/1.1" 200 699
"GET /ajax/update-data/?length=9&codes=404 HTTP/1.1" 200 853
"GET /ajax/update-data/?length=11&codes=404 HTTP/1.1" 200 930
"GET /ajax/update-data/?length=12&codes=404 HTTP/1.1" 200 930
"GET /ajax/update-data/?length=12&codes=404 HTTP/1.1" 200 931
"GET / HTTP/1.1" 200 10922
"GET / HTTP/1.1" 200 10922
"GET /crawl-settings/ HTTP/1.1" 200 10300
"POST /start-crawl/ HTTP/1.1" 302 0
"GET /crawl-settings/ HTTP/1.1" 200 10314
"POST /start-crawl/ HTTP/1.1" 302 0
"GET /crawl-settings/ HTTP/1.1" 200 10314
"POST /start-crawl/ HTTP/1.1" 302 0
"GET /crawl-settings/ HTTP/1.1" 200 10314
"GET /crawl-settings/ HTTP/1.1" 200 10314
"GET /static/images/logo.png HTTP/1.1" 200 7030
"GET /crawl-settings/ HTTP/1.1" 200 10314
"GET /static/images/logo.png HTTP/1.1" 200 7030
"GET / HTTP/1.1" 200 6699
"GET /ajax/update-data/?length=0&codes=404 HTTP/1.1" 200 31
"GET /crawl-settings/ HTTP/1.1" 200 10314
"POST /start-crawl/ HTTP/1.1" 302 0
"GET /crawl-settings/ HTTP/1.1" 200 10314
"GET / HTTP/1.1" 200 6699
"GET /ajax/update-data/?length=0&codes=404 HTTP/1.1" 200 407
"GET /crawl-settings/ HTTP/1.1" 200 10314
"POST /start-crawl/ HTTP/1.1" 302 0
"GET /crawl-settings/ HTTP/1.1" 200 10314
"GET / HTTP/1.1" 200 8910
"GET / HTTP/1.1" 200 8910
"GET /crawl-settings/ HTTP/1.1" 200 10300
"GET / HTTP/1.1" 200 8910
"GET / HTTP/1.1" 200 8910
"GET /static/images/logo.png HTTP/1.1" 200 7030
"POST /start-crawl/ HTTP/1.1" 302 0
"GET /crawl-settings/ HTTP/1.1" 200 10314
"GET /crawl-settings/ HTTP/1.1" 200 10314
"GET /static/images/logo.png HTTP/1.1" 200 7030
"POST /start-crawl/ HTTP/1.1" 302 0
"GET /crawl-settings/ HTTP/1.1" 200 10314
"GET / HTTP/1.1" 200 8910
"GET /crawl-settings/ HTTP/1.1" 200 10300
"POST /start-crawl/ HTTP/1.1" 302 0
"GET /crawl-settings/ HTTP/1.1" 200 10314
"GET /crawl-settings/ HTTP/1.1" 200 10300
"GET /static/images/logo.png HTTP/1.1" 200 7030
"POST /start-crawl/ HTTP/1.1" 302 0
"GET /crawl-settings/ HTTP/1.1" 200 10314
"GET /crawl-settings/ HTTP/1.1" 200 10300
"GET /static/images/logo.png HTTP/1.1" 200 7030
"POST /update-options/ HTTP/1.1" 302 0
"GET /crawl-settings/ HTTP/1.1" 200 10326
"GET / HTTP/1.1" 200 8910
"GET /crawl-settings/ HTTP/1.1" 200 10326
"GET / HTTP/1.1" 200 8910
"GET /crawl-settings/ HTTP/1.1" 200 10326
"GET / HTTP/1.1" 200 8910
"GET /admin/? HTTP/1.1" 302 0
"GET /admin/login/?next=/admin/ HTTP/1.1" 200 1655
"GET /static/admin/css/base.css HTTP/1.1" 304 0
"GET /static/admin/css/login.css HTTP/1.1" 304 0
"GET /static/admin/css/fonts.css HTTP/1.1" 200 423
"GET /static/admin/fonts/Roboto-Regular-webfont.woff HTTP/1.1" 200 80304
"GET /static/admin/fonts/Roboto-Light-webfont.woff HTTP/1.1" 200 81348
Not Found: /favicon.ico
"GET /favicon.ico HTTP/1.1" 404 3192
"GET /admin/login/?next=/admin/ HTTP/1.1" 200 1655
"GET /static/admin/css/login.css HTTP/1.1" 200 1203
"GET /static/admin/css/base.css HTTP/1.1" 200 16066
"GET /static/admin/css/fonts.css HTTP/1.1" 200 423
"GET /static/admin/fonts/Roboto-Regular-webfont.woff HTTP/1.1" 200 80304
"GET /static/admin/fonts/Roboto-Light-webfont.woff HTTP/1.1" 200 81348
Not Found: /favicon.ico
"GET /favicon.ico HTTP/1.1" 404 3192
"GET / HTTP/1.1" 200 8910
"GET /crawl-settings/ HTTP/1.1" 200 10326
"POST /update-options/ HTTP/1.1" 302 0
"GET /crawl-settings/ HTTP/1.1" 200 10420
"POST /start-crawl/ HTTP/1.1" 302 0
"GET /crawl-settings/ HTTP/1.1" 200 10434
"GET / HTTP/1.1" 200 6699
"GET /ajax/update-data/?length=0&codes=404 HTTP/1.1" 200 560
"GET /ajax/update-data/?length=7&codes=404 HTTP/1.1" 200 560
"GET /ajax/update-data/?length=7&codes=404 HTTP/1.1" 200 31
"GET /ajax/update-data/?length=0&codes=404 HTTP/1.1" 200 31
"GET /ajax/update-data/?length=0&codes=404 HTTP/1.1" 200 31
"GET /ajax/update-data/?length=0&codes=404 HTTP/1.1" 200 31
"GET /ajax/update-data/?length=0&codes=404 HTTP/1.1" 200 233
"GET /ajax/update-data/?length=3&codes=404 HTTP/1.1" 200 233
"GET /ajax/update-data/?length=3&codes=404 HTTP/1.1" 200 233
"GET /crawl-settings/ HTTP/1.1" 200 10434
"GET / HTTP/1.1" 200 6699
"GET /ajax/update-data/?length=0&codes=404 HTTP/1.1" 200 233
"GET /ajax/update-data/?length=3&codes=404 HTTP/1.1" 200 233
"GET /ajax/update-data/?length=3&codes=404 HTTP/1.1" 200 233
"GET /ajax/update-data/?length=3&codes=404 HTTP/1.1" 200 233
"GET /ajax/update-data/?length=3&codes=404 HTTP/1.1" 200 233
"GET /ajax/update-data/?length=3&codes=404 HTTP/1.1" 200 233
"GET /ajax/update-data/?length=3&codes=404 HTTP/1.1" 200 233
"GET /ajax/update-data/?length=3&codes=404 HTTP/1.1" 200 233
"GET /ajax/update-data/?length=3&codes=404 HTTP/1.1" 200 233
"GET /ajax/update-data/?length=3&codes=404 HTTP/1.1" 200 318
"GET /ajax/update-data/?length=4&codes=404 HTTP/1.1" 200 318
"GET /ajax/update-data/?length=4&codes=404 HTTP/1.1" 200 318
"GET /ajax/update-data/?length=4&codes=404 HTTP/1.1" 200 318
"GET /ajax/update-data/?length=4&codes=404 HTTP/1.1" 200 318
"GET /ajax/update-data/?length=4&codes=404 HTTP/1.1" 200 492
"GET /ajax/update-data/?length=6&codes=404 HTTP/1.1" 200 492
"GET /ajax/update-data/?length=6&codes=404 HTTP/1.1" 200 492
"GET /ajax/update-data/?length=6&codes=404 HTTP/1.1" 200 492
"GET /ajax/update-data/?length=6&codes=404 HTTP/1.1" 200 492
"GET /ajax/update-data/?length=6&codes=404 HTTP/1.1" 200 492
"GET /ajax/update-data/?length=6&codes=404 HTTP/1.1" 200 593
"GET /ajax/update-data/?length=7&codes=404 HTTP/1.1" 200 645
"GET /ajax/update-data/?length=8&codes=404 HTTP/1.1" 200 645
"GET /ajax/update-data/?length=8&codes=404 HTTP/1.1" 200 875
"GET /ajax/update-data/?length=11&codes=404 HTTP/1.1" 200 875
"GET /ajax/update-data/?length=11&codes=404 HTTP/1.1" 200 876
"GET / HTTP/1.1" 200 10558
"GET / HTTP/1.1" 200 10558
"GET /static/css/style_sheet.css HTTP/1.1" 304 0
"GET /static/css/bootstrap.css HTTP/1.1" 304 0
"GET /crawl-settings/ HTTP/1.1" 200 10420

0 15 * * * cd /Users/ccowley/Dropbox/work_stuff/django_crawler_new && /usr/local/bin/python3 /Users/ccowley/Dropbox/work_stuff/django_crawler_new/main_app/runner.py /Users/ccowley/Dropbox/work_stuff/django_crawler_new # this is the main command

"POST /update-schedule/ HTTP/1.1" 302 0
"GET /crawl-settings/ HTTP/1.1" 200 10420
"GET / HTTP/1.1" 200 10558
"GET /crawl-settings/ HTTP/1.1" 200 10420
"GET / HTTP/1.1" 200 10558
"GET /crawl-settings/ HTTP/1.1" 200 10420
"GET / HTTP/1.1" 200 10558
"GET /crawl-settings/ HTTP/1.1" 200 10420

0 3 * * 1,3,5 cd /Users/ccowley/Dropbox/work_stuff/django_crawler_new && /usr/local/bin/python3 /Users/ccowley/Dropbox/work_stuff/django_crawler_new/main_app/runner.py /Users/ccowley/Dropbox/work_stuff/django_crawler_new # this is the main command

"POST /update-schedule/ HTTP/1.1" 302 0
"GET /crawl-settings/ HTTP/1.1" 200 10420

@daily cd /Users/ccowley/Dropbox/work_stuff/django_crawler_new && /usr/local/bin/python3 /Users/ccowley/Dropbox/work_stuff/django_crawler_new/main_app/runner.py /Users/ccowley/Dropbox/work_stuff/django_crawler_new # this is the main command

"POST /update-schedule/ HTTP/1.1" 302 0
"GET /crawl-settings/ HTTP/1.1" 200 10420
"GET / HTTP/1.1" 200 10558
"GET /crawl-settings/ HTTP/1.1" 200 10420
"GET / HTTP/1.1" 200 10558
"GET /crawl-settings/ HTTP/1.1" 200 10420
"POST /start-crawl/ HTTP/1.1" 302 0
"GET /crawl-settings/ HTTP/1.1" 200 10434
"GET / HTTP/1.1" 200 6699
"GET /ajax/update-data/?length=0&codes=404 HTTP/1.1" 200 875
"GET /crawl-settings/ HTTP/1.1" 200 10434
"GET / HTTP/1.1" 200 6699
"GET /ajax/update-data/?length=0&codes=404 HTTP/1.1" 200 31
"GET /crawl-settings/ HTTP/1.1" 200 10434

0 12 * * * cd /Users/ccowley/Dropbox/work_stuff/django_crawler_new && /usr/local/bin/python3 /Users/ccowley/Dropbox/work_stuff/django_crawler_new/main_app/runner.py /Users/ccowley/Dropbox/work_stuff/django_crawler_new # this is the main command

"POST /update-schedule/ HTTP/1.1" 302 0
"GET /crawl-settings/ HTTP/1.1" 200 10434
"GET / HTTP/1.1" 200 6699
"GET /ajax/update-data/?length=0&codes=404 HTTP/1.1" 200 31
"GET /ajax/update-data/?length=0&codes=404 HTTP/1.1" 200 31
"GET /ajax/update-data/?length=0&codes=404 HTTP/1.1" 200 31
"GET /ajax/update-data/?length=0&codes=404 HTTP/1.1" 200 31
"GET / HTTP/1.1" 200 10558
"GET / HTTP/1.1" 200 10558
"GET /static/images/logo.png HTTP/1.1" 200 7030
"GET / HTTP/1.1" 200 10558
"GET / HTTP/1.1" 200 6063
"GET /static/images/logo.png HTTP/1.1" 200 7030
"GET / HTTP/1.1" 200 6442
"GET /static/images/logo.png HTTP/1.1" 200 7030
"GET / HTTP/1.1" 200 6442
"GET /static/images/logo.png HTTP/1.1" 200 7030
"GET / HTTP/1.1" 200 6699
"GET /ajax/update-data/?length=0&codes=404 HTTP/1.1" 200 91
"GET /static/images/logo.png HTTP/1.1" 200 7030
"GET /ajax/update-data/?length=1&codes=404 HTTP/1.1" 200 31
"GET /ajax/update-data/?length=0&codes=404 HTTP/1.1" 200 31
"GET /ajax/update-data/?length=0&codes=404 HTTP/1.1" 200 91
"GET /ajax/update-data/?length=1&codes=404 HTTP/1.1" 200 91
